[0527/234018:WARNING:dns_config_service_win.cc(674)] Failed to read DnsConfig.
[0527/234018:WARNING:dns_config_service_win.cc(674)] Failed to read DnsConfig.
[0527/234018:WARNING:dns_config_service_win.cc(674)] Failed to read DnsConfig.
[0527/234018:WARNING:dns_config_service_win.cc(674)] Failed to read DnsConfig.
[0527/234024:WARNING:dns_config_service_win.cc(674)] Failed to read DnsConfig.
[0527/234024:WARNING:dns_config_service_win.cc(674)] Failed to read DnsConfig.
[0527/234024:WARNING:dns_config_service_win.cc(674)] Failed to read DnsConfig.
[0527/234024:WARNING:dns_config_service_win.cc(674)] Failed to read DnsConfig.
[0527/234025:WARNING:dns_config_service_win.cc(674)] Failed to read DnsConfig.
[0527/234025:WARNING:dns_config_service_win.cc(674)] Failed to read DnsConfig.
[0527/234025:WARNING:dns_config_service_win.cc(674)] Failed to read DnsConfig.
[0527/234025:WARNING:dns_config_service_win.cc(674)] Failed to read DnsConfig.
[0527/234026:WARNING:dns_config_service_win.cc(674)] Failed to read DnsConfig.
[0528/092211:INFO:exception_record.cc(518)] [QB]Process ID: 7868 Type: 2
[0528/092213:INFO:http_cache_transaction.cc(72)] IgnoreZeroCacheError: 0
[0528/092320:WARNING:spdy_session.cc(2455)] Received HEADERS for invalid stream 13
[0528/092320:WARNING:spdy_session.cc(2682)] Received WINDOW_UPDATE for invalid stream 13
[0528/210354:WARNING:dns_config_service_win.cc(674)] Failed to read DnsConfig.
[0528/210355:WARNING:dns_config_service_win.cc(674)] Failed to read DnsConfig.
[0528/210355:WARNING:dns_config_service_win.cc(674)] Failed to read DnsConfig.
[0528/210355:WARNING:dns_config_service_win.cc(674)] Failed to read DnsConfig.
[0528/210355:WARNING:dns_config_service_win.cc(674)] Failed to read DnsConfig.
[0528/210355:WARNING:dns_config_service_win.cc(674)] Failed to read DnsConfig.
[0528/210355:WARNING:dns_config_service_win.cc(674)] Failed to read DnsConfig.
[0528/210355:WARNING:dns_config_service_win.cc(674)] Failed to read DnsConfig.
[0528/210356:WARNING:dns_config_service_win.cc(674)] Failed to read DnsConfig.
[0529/020746:WARNING:dns_config_service_win.cc(674)] Failed to read DnsConfig.
[0529/220710:WARNING:dns_config_service_win.cc(674)] Failed to read DnsConfig.
[0529/220711:WARNING:dns_config_service_win.cc(674)] Failed to read DnsConfig.
[0529/220711:WARNING:dns_config_service_win.cc(674)] Failed to read DnsConfig.
[0529/220712:WARNING:dns_config_service_win.cc(674)] Failed to read DnsConfig.
[0529/220713:WARNING:dns_config_service_win.cc(674)] Failed to read DnsConfig.
[0529/220713:WARNING:dns_config_service_win.cc(674)] Failed to read DnsConfig.
[0529/220713:WARNING:dns_config_service_win.cc(674)] Failed to read DnsConfig.
[0529/220715:WARNING:dns_config_service_win.cc(674)] Failed to read DnsConfig.
[0529/220716:WARNING:dns_config_service_win.cc(674)] Failed to read DnsConfig.
[0529/220716:WARNING:dns_config_service_win.cc(674)] Failed to read DnsConfig.
